<?xml version="1.0" encoding="UTF-8"?>
<!-- Generated by org.testng.reporters.JUnitReportReporter -->
<testsuite hostname="DESKTOP-6BN3O0E" failures="0" tests="3" name="test.Day4" time="0.004" errors="0" timestamp="2023-09-09T12:16:41 IST" skipped="0">
  <testcase classname="test.Day4" name="WebloginHomeLoan" time="0.002"/>
  <testcase classname="test.Day4" name="LoginAPIHomeLoan" time="0.001"/>
  <testcase classname="test.Day4" name="MobileLoginHomeLoan" time="0.001"/>
</testsuite> <!-- test.Day4 -->
