<?xml version="1.0" encoding="UTF-8"?>
<!-- Generated by org.testng.reporters.JUnitReportReporter -->
<testsuite hostname="DESKTOP-6BN3O0E" failures="0" tests="1" name="test.Day2" time="0.002" errors="0" timestamp="2023-09-09T12:16:41 IST" skipped="0">
  <testcase classname="test.Day2" name="ploan" time="0.002"/>
</testsuite> <!-- test.Day2 -->
