<?xml version="1.0" encoding="UTF-8"?>
<!-- Generated by org.testng.reporters.JUnitReportReporter -->
<testsuite hostname="DESKTOP-6BN3O0E" failures="0" tests="2" name="test.Day1" time="0.006" errors="0" timestamp="2023-09-09T12:16:41 IST" skipped="0">
  <testcase classname="test.Day1" name="Demo" time="0.005"/>
  <testcase classname="test.Day1" name="SecondTest" time="0.001"/>
</testsuite> <!-- test.Day1 -->
